Output dir: /Users/mitsumori_katsuki/Library/CloudStorage/GoogleDrive-k-mitsumori@surisuta.jp/マイドライブ/01_事業管理/09_Cursol/doya-ai/public/banner-samples
Total samples: 31
[1/31] generating purpose-sns_ad (1080x1080)...
  -> wrote public/banner-samples/purpose-sns_ad.png (366778 bytes)
[2/31] generating purpose-youtube (1280x720)...
  -> wrote public/banner-samples/purpose-youtube.png (578601 bytes)
[3/31] generating purpose-display (300x250)...
  -> wrote public/banner-samples/purpose-display.png (435947 bytes)
[4/31] generating purpose-webinar (1920x1080)...
  -> wrote public/banner-samples/purpose-webinar.png (265406 bytes)
[5/31] generating purpose-lp_hero (1920x600)...
  -> wrote public/banner-samples/purpose-lp_hero.png (382203 bytes)
[6/31] generating purpose-email (600x200)...
  -> wrote public/banner-samples/purpose-email.png (356069 bytes)
[7/31] generating purpose-campaign (1200x628)...
  -> wrote public/banner-samples/purpose-campaign.png (462852 bytes)
[8/31] generating cat-telecom (1200x628)...
  -> wrote public/banner-samples/cat-telecom.png (369008 bytes)
[9/31] generating cat-marketing (1200x628)...
  -> wrote public/banner-samples/cat-marketing.png (271746 bytes)
[10/31] generating cat-ec (1200x628)...
